Streaming transaction logs mentioning F1k3zJSy6gqFUY3CTv3HZeJ9S6QkeEnctcPiKaLKc96U. Confirmed commitment
Transaction executed in slot 2:
  Signature: 32VDN8mFaih9SLefbgi6Xmy9JVdAbB5Ld6hZbGSDWC6SGBk9VhzvdDAXzFEj9GN8uxoaDwQDXfFQiahCsJQtZNZ4
  Status: Ok
  Log Messages:
    Program F1k3zJSy6gqFUY3CTv3HZeJ9S6QkeEnctcPiKaLKc96U invoke [1]
    Program log: Instruction: SendTweet
    Program 11111111111111111111111111111111 invoke [2]
    Program 11111111111111111111111111111111 success
    Program F1k3zJSy6gqFUY3CTv3HZeJ9S6QkeEnctcPiKaLKc96U consumed 14343 of 200000 compute units
    Program F1k3zJSy6gqFUY3CTv3HZeJ9S6QkeEnctcPiKaLKc96U success
Transaction executed in slot 3:
  Signature: 5BRw5H1Yo4yeWSp1uHW367ghBrnPfCbsyn2pqHdvDzYV6D2CNQ9y1gYXmcJW7YpiXZNxVaFKZTeoacZzRsChDQTd
  Status: Ok
  Log Messages:
    Program F1k3zJSy6gqFUY3CTv3HZeJ9S6QkeEnctcPiKaLKc96U invoke [1]
    Program log: Instruction: SendTweet
    Program 11111111111111111111111111111111 invoke [2]
    Program 11111111111111111111111111111111 success
    Program F1k3zJSy6gqFUY3CTv3HZeJ9S6QkeEnctcPiKaLKc96U consumed 13510 of 200000 compute units
    Program F1k3zJSy6gqFUY3CTv3HZeJ9S6QkeEnctcPiKaLKc96U success
Transaction executed in slot 5:
  Signature: XgWgQCx5C5k1Gagtpy7MJBQx3BAg4hpmwjqUNbuyji831svBH15kP1b2e2ouDpQbP85FP3KrvhnVnsb1mUaEiQJ
  Status: Ok
  Log Messages:
    Program F1k3zJSy6gqFUY3CTv3HZeJ9S6QkeEnctcPiKaLKc96U invoke [1]
    Program log: Instruction: SendTweet
    Program 11111111111111111111111111111111 invoke [2]
    Program 11111111111111111111111111111111 success
    Program F1k3zJSy6gqFUY3CTv3HZeJ9S6QkeEnctcPiKaLKc96U consumed 14279 of 200000 compute units
    Program F1k3zJSy6gqFUY3CTv3HZeJ9S6QkeEnctcPiKaLKc96U success
